CAMtasticDXP Drill Report
Serial Number:0000-00-00000
Drill File: C:\Users\anand_dhruvaspace\Downloads\Imported BeliefSat-0 2.0.PrjPcb\Project Outputs for BeliefSat-0 2.0\Gerber_Beliefsat0\cam.drl
Format: 2.3
Units: English (Inch)
Step & Repeat Codes Used: NO


TOOL		SIZE		COUNT
====		======		=====

 1 		0.0197		103
 2 		0.0276		2
 3 		0.0280		9
 4 		0.0315		3
 5 		0.0354		28
 6 		0.0362		4
 7 		0.0394		5
 8 		0.0413		4
 9 		0.0429		9
 10 		0.0433		4
 11 		0.0445		4
 12 		0.1260		2
 13 		0.1260		4
